{"/Users/yagnesh.modh/Projects/azulArc_react_training/src/main.js": {"path":"/Users/yagnesh.modh/Projects/azulArc_react_training/src/main.js","statementMap":{},"fnMap":{},"branchMap":{},"s":{},"f":{},"b":{},"hash":"936866c2d0a381e9d2023de0eefc8523fcab3d39"}
,"/Users/yagnesh.modh/Projects/azulArc_react_training/src/TodoApp/TodoFooter.js": {"path":"/Users/yagnesh.modh/Projects/azulArc_react_training/src/TodoApp/TodoFooter.js","statementMap":{"0":{"start":{"line":4,"column":19},"end":{"line":19,"column":1}},"1":{"start":{"line":5,"column":2},"end":{"line":5,"column":28}},"2":{"start":{"line":6,"column":2},"end":{"line":18,"column":4}},"3":{"start":{"line":8,"column":43},"end":{"line":8,"column":60}},"4":{"start":{"line":11,"column":43},"end":{"line":11,"column":64}},"5":{"start":{"line":14,"column":43},"end":{"line":14,"column":66}},"6":{"start":{"line":21,"column":0},"end":{"line":23,"column":2}}},"fnMap":{"0":{"name":"(anonymous_0)","decl":{"start":{"line":4,"column":19},"end":{"line":4,"column":20}},"loc":{"start":{"line":4,"column":39},"end":{"line":19,"column":1}},"line":4},"1":{"name":"(anonymous_1)","decl":{"start":{"line":8,"column":37},"end":{"line":8,"column":38}},"loc":{"start":{"line":8,"column":43},"end":{"line":8,"column":60}},"line":8},"2":{"name":"(anonymous_2)","decl":{"start":{"line":11,"column":37},"end":{"line":11,"column":38}},"loc":{"start":{"line":11,"column":43},"end":{"line":11,"column":64}},"line":11},"3":{"name":"(anonymous_3)","decl":{"start":{"line":14,"column":37},"end":{"line":14,"column":38}},"loc":{"start":{"line":14,"column":43},"end":{"line":14,"column":66}},"line":14}},"branchMap":{},"s":{"0":1,"1":4,"2":4,"3":1,"4":1,"5":1,"6":1},"f":{"0":4,"1":1,"2":1,"3":1},"b":{},"_coverageSchema":"43e27e138ebf9cfc5966b082cf9a028302ed4184","hash":"aaf586e9ab91970b17fe57e0c625c7fea43be6a5"}
,"/Users/yagnesh.modh/Projects/azulArc_react_training/src/TodoApp/TodoForm.js": {"path":"/Users/yagnesh.modh/Projects/azulArc_react_training/src/TodoApp/TodoForm.js","statementMap":{"0":{"start":{"line":5,"column":21},"end":{"line":7,"column":3}},"1":{"start":{"line":9,"column":10},"end":{"line":12,"column":3}},"2":{"start":{"line":14,"column":13},"end":{"line":16,"column":3}},"3":{"start":{"line":15,"column":4},"end":{"line":15,"column":66}},"4":{"start":{"line":18,"column":12},"end":{"line":29,"column":3}},"5":{"start":{"line":19,"column":4},"end":{"line":19,"column":23}},"6":{"start":{"line":20,"column":21},"end":{"line":20,"column":31}},"7":{"start":{"line":21,"column":4},"end":{"line":28,"column":5}},"8":{"start":{"line":22,"column":6},"end":{"line":25,"column":9}},"9":{"start":{"line":23,"column":30},"end":{"line":23,"column":40}},"10":{"start":{"line":24,"column":8},"end":{"line":24,"column":24}},"11":{"start":{"line":27,"column":6},"end":{"line":27,"column":51}},"12":{"start":{"line":32,"column":4},"end":{"line":32,"column":28}},"13":{"start":{"line":33,"column":28},"end":{"line":33,"column":38}},"14":{"start":{"line":34,"column":4},"end":{"line":47,"column":6}}},"fnMap":{"0":{"name":"(anonymous_0)","decl":{"start":{"line":14,"column":13},"end":{"line":14,"column":14}},"loc":{"start":{"line":14,"column":18},"end":{"line":16,"column":3}},"line":14},"1":{"name":"(anonymous_1)","decl":{"start":{"line":18,"column":12},"end":{"line":18,"column":13}},"loc":{"start":{"line":18,"column":17},"end":{"line":29,"column":3}},"line":18},"2":{"name":"(anonymous_2)","decl":{"start":{"line":22,"column":45},"end":{"line":22,"column":46}},"loc":{"start":{"line":22,"column":51},"end":{"line":25,"column":7}},"line":22},"3":{"name":"(anonymous_3)","decl":{"start":{"line":31,"column":2},"end":{"line":31,"column":3}},"loc":{"start":{"line":31,"column":11},"end":{"line":48,"column":3}},"line":31}},"branchMap":{"0":{"loc":{"start":{"line":21,"column":4},"end":{"line":28,"column":5}},"type":"if","locations":[{"start":{"line":21,"column":4},"end":{"line":28,"column":5}},{"start":{"line":21,"column":4},"end":{"line":28,"column":5}}],"line":21},"1":{"loc":{"start":{"line":45,"column":9},"end":{"line":45,"column":36}},"type":"binary-expr","locations":[{"start":{"line":45,"column":9},"end":{"line":45,"column":14}},{"start":{"line":45,"column":18},"end":{"line":45,"column":36}}],"line":45}},"s":{"0":0,"1":0,"2":0,"3":0,"4":0,"5":0,"6":0,"7":0,"8":0,"9":0,"10":0,"11":0,"12":0,"13":0,"14":0},"f":{"0":0,"1":0,"2":0,"3":0},"b":{"0":[0,0],"1":[0,0]},"hash":"03aabb7bc3a74b5a41a2b2c1e0612d978e588156"}
,"/Users/yagnesh.modh/Projects/azulArc_react_training/src/TodoApp/TodoList.js": {"path":"/Users/yagnesh.modh/Projects/azulArc_react_training/src/TodoApp/TodoList.js","statementMap":{"0":{"start":{"line":5,"column":17},"end":{"line":15,"column":1}},"1":{"start":{"line":6,"column":2},"end":{"line":6,"column":26}},"2":{"start":{"line":7,"column":2},"end":{"line":14,"column":4}},"3":{"start":{"line":11,"column":8},"end":{"line":11,"column":86}},"4":{"start":{"line":17,"column":0},"end":{"line":26,"column":2}}},"fnMap":{"0":{"name":"(anonymous_0)","decl":{"start":{"line":5,"column":17},"end":{"line":5,"column":18}},"loc":{"start":{"line":5,"column":56},"end":{"line":15,"column":1}},"line":5},"1":{"name":"(anonymous_1)","decl":{"start":{"line":10,"column":20},"end":{"line":10,"column":21}},"loc":{"start":{"line":11,"column":8},"end":{"line":11,"column":86}},"line":11}},"branchMap":{},"s":{"0":0,"1":0,"2":0,"3":0,"4":0},"f":{"0":0,"1":0},"b":{},"hash":"a62f60e94b8c117cd0158c397b10fcbe39729e9a"}
,"/Users/yagnesh.modh/Projects/azulArc_react_training/src/TodoApp/TodoListItem.js": {"path":"/Users/yagnesh.modh/Projects/azulArc_react_training/src/TodoApp/TodoListItem.js","statementMap":{"0":{"start":{"line":4,"column":21},"end":{"line":21,"column":1}},"1":{"start":{"line":5,"column":2},"end":{"line":5,"column":30}},"2":{"start":{"line":6,"column":2},"end":{"line":20,"column":4}},"3":{"start":{"line":8,"column":67},"end":{"line":8,"column":82}},"4":{"start":{"line":16,"column":43},"end":{"line":16,"column":57}},"5":{"start":{"line":23,"column":0},"end":{"line":31,"column":2}}},"fnMap":{"0":{"name":"(anonymous_0)","decl":{"start":{"line":4,"column":21},"end":{"line":4,"column":22}},"loc":{"start":{"line":4,"column":56},"end":{"line":21,"column":1}},"line":4},"1":{"name":"(anonymous_1)","decl":{"start":{"line":8,"column":61},"end":{"line":8,"column":62}},"loc":{"start":{"line":8,"column":67},"end":{"line":8,"column":82}},"line":8},"2":{"name":"(anonymous_2)","decl":{"start":{"line":16,"column":37},"end":{"line":16,"column":38}},"loc":{"start":{"line":16,"column":43},"end":{"line":16,"column":57}},"line":16}},"branchMap":{"0":{"loc":{"start":{"line":11,"column":26},"end":{"line":11,"column":63}},"type":"cond-expr","locations":[{"start":{"line":11,"column":40},"end":{"line":11,"column":54}},{"start":{"line":11,"column":57},"end":{"line":11,"column":63}}],"line":11}},"s":{"0":0,"1":0,"2":0,"3":0,"4":0,"5":0},"f":{"0":0,"1":0,"2":0},"b":{"0":[0,0]},"hash":"251f49c42bb52c440d50ddbcc7bcbaa5a9dce17e"}
,"/Users/yagnesh.modh/Projects/azulArc_react_training/src/TodoApp/checkPureComponent.js": {"path":"/Users/yagnesh.modh/Projects/azulArc_react_training/src/TodoApp/checkPureComponent.js","statementMap":{"0":{"start":{"line":6,"column":21},"end":{"line":6,"column":31}},"1":{"start":{"line":7,"column":4},"end":{"line":7,"column":34}},"2":{"start":{"line":11,"column":0},"end":{"line":15,"column":2}}},"fnMap":{"0":{"name":"(anonymous_0)","decl":{"start":{"line":5,"column":2},"end":{"line":5,"column":3}},"loc":{"start":{"line":5,"column":11},"end":{"line":8,"column":3}},"line":5}},"branchMap":{},"s":{"0":0,"1":0,"2":0},"f":{"0":0},"b":{},"hash":"d2be97ac6ac275ff6efce02b86f3cc3dd975fc47"}
,"/Users/yagnesh.modh/Projects/azulArc_react_training/src/TodoApp/index.js": {"path":"/Users/yagnesh.modh/Projects/azulArc_react_training/src/TodoApp/index.js","statementMap":{"0":{"start":{"line":6,"column":12},"end":{"line":6,"column":44}},"1":{"start":{"line":9,"column":10},"end":{"line":13,"column":3}},"2":{"start":{"line":16,"column":4},"end":{"line":16,"column":23}},"3":{"start":{"line":19,"column":16},"end":{"line":27,"column":3}},"4":{"start":{"line":20,"column":4},"end":{"line":26,"column":5}},"5":{"start":{"line":21,"column":18},"end":{"line":21,"column":34}},"6":{"start":{"line":22,"column":23},"end":{"line":22,"column":39}},"7":{"start":{"line":23,"column":6},"end":{"line":23,"column":34}},"8":{"start":{"line":25,"column":6},"end":{"line":25,"column":31}},"9":{"start":{"line":29,"column":14},"end":{"line":48,"column":3}},"10":{"start":{"line":30,"column":4},"end":{"line":47,"column":5}},"11":{"start":{"line":31,"column":27},"end":{"line":31,"column":37}},"12":{"start":{"line":32,"column":18},"end":{"line":39,"column":8}},"13":{"start":{"line":40,"column":23},"end":{"line":40,"column":39}},"14":{"start":{"line":41,"column":6},"end":{"line":44,"column":9}},"15":{"start":{"line":46,"column":6},"end":{"line":46,"column":31}},"16":{"start":{"line":50,"column":14},"end":{"line":69,"column":3}},"17":{"start":{"line":51,"column":4},"end":{"line":68,"column":5}},"18":{"start":{"line":52,"column":18},"end":{"line":59,"column":8}},"19":{"start":{"line":60,"column":23},"end":{"line":60,"column":39}},"20":{"start":{"line":62,"column":27},"end":{"line":62,"column":37}},"21":{"start":{"line":63,"column":16},"end":{"line":63,"column":57}},"22":{"start":{"line":63,"column":40},"end":{"line":63,"column":56}},"23":{"start":{"line":64,"column":26},"end":{"line":64,"column":87}},"24":{"start":{"line":65,"column":6},"end":{"line":65,"column":47}},"25":{"start":{"line":67,"column":6},"end":{"line":67,"column":31}},"26":{"start":{"line":71,"column":13},"end":{"line":82,"column":3}},"27":{"start":{"line":72,"column":4},"end":{"line":81,"column":5}},"28":{"start":{"line":73,"column":6},"end":{"line":75,"column":9}},"29":{"start":{"line":76,"column":27},"end":{"line":76,"column":37}},"30":{"start":{"line":77,"column":26},"end":{"line":77,"column":64}},"31":{"start":{"line":77,"column":47},"end":{"line":77,"column":63}},"32":{"start":{"line":78,"column":6},"end":{"line":78,"column":47}},"33":{"start":{"line":80,"column":6},"end":{"line":80,"column":31}},"34":{"start":{"line":84,"column":15},"end":{"line":86,"column":3}},"35":{"start":{"line":85,"column":4},"end":{"line":85,"column":30}},"36":{"start":{"line":89,"column":40},"end":{"line":89,"column":50}},"37":{"start":{"line":90,"column":25},"end":{"line":100,"column":6}},"38":{"start":{"line":91,"column":6},"end":{"line":99,"column":7}},"39":{"start":{"line":93,"column":10},"end":{"line":93,"column":36}},"40":{"start":{"line":95,"column":10},"end":{"line":95,"column":35}},"41":{"start":{"line":98,"column":10},"end":{"line":98,"column":22}},"42":{"start":{"line":102,"column":4},"end":{"line":110,"column":6}}},"fnMap":{"0":{"name":"(anonymous_0)","decl":{"start":{"line":15,"column":2},"end":{"line":15,"column":3}},"loc":{"start":{"line":15,"column":22},"end":{"line":17,"column":3}},"line":15},"1":{"name":"(anonymous_1)","decl":{"start":{"line":19,"column":16},"end":{"line":19,"column":17}},"loc":{"start":{"line":19,"column":28},"end":{"line":27,"column":3}},"line":19},"2":{"name":"(anonymous_2)","decl":{"start":{"line":29,"column":14},"end":{"line":29,"column":15}},"loc":{"start":{"line":29,"column":28},"end":{"line":48,"column":3}},"line":29},"3":{"name":"(anonymous_3)","decl":{"start":{"line":50,"column":14},"end":{"line":50,"column":15}},"loc":{"start":{"line":50,"column":28},"end":{"line":69,"column":3}},"line":50},"4":{"name":"(anonymous_4)","decl":{"start":{"line":63,"column":35},"end":{"line":63,"column":36}},"loc":{"start":{"line":63,"column":40},"end":{"line":63,"column":56}},"line":63},"5":{"name":"(anonymous_5)","decl":{"start":{"line":71,"column":13},"end":{"line":71,"column":14}},"loc":{"start":{"line":71,"column":27},"end":{"line":82,"column":3}},"line":71},"6":{"name":"(anonymous_6)","decl":{"start":{"line":77,"column":42},"end":{"line":77,"column":43}},"loc":{"start":{"line":77,"column":47},"end":{"line":77,"column":63}},"line":77},"7":{"name":"(anonymous_7)","decl":{"start":{"line":84,"column":15},"end":{"line":84,"column":16}},"loc":{"start":{"line":84,"column":25},"end":{"line":86,"column":3}},"line":84},"8":{"name":"(anonymous_8)","decl":{"start":{"line":88,"column":2},"end":{"line":88,"column":3}},"loc":{"start":{"line":88,"column":11},"end":{"line":111,"column":3}},"line":88},"9":{"name":"(anonymous_9)","decl":{"start":{"line":90,"column":41},"end":{"line":90,"column":42}},"loc":{"start":{"line":90,"column":46},"end":{"line":100,"column":5}},"line":90}},"branchMap":{"0":{"loc":{"start":{"line":91,"column":6},"end":{"line":99,"column":7}},"type":"switch","locations":[{"start":{"line":92,"column":8},"end":{"line":93,"column":36}},{"start":{"line":94,"column":8},"end":{"line":95,"column":35}},{"start":{"line":97,"column":8},"end":{"line":98,"column":22}}],"line":91},"1":{"loc":{"start":{"line":105,"column":9},"end":{"line":105,"column":65}},"type":"binary-expr","locations":[{"start":{"line":105,"column":9},"end":{"line":105,"column":14}},{"start":{"line":105,"column":18},"end":{"line":105,"column":65}}],"line":105}},"s":{"0":0,"1":0,"2":0,"3":0,"4":0,"5":0,"6":0,"7":0,"8":0,"9":0,"10":0,"11":0,"12":0,"13":0,"14":0,"15":0,"16":0,"17":0,"18":0,"19":0,"20":0,"21":0,"22":0,"23":0,"24":0,"25":0,"26":0,"27":0,"28":0,"29":0,"30":0,"31":0,"32":0,"33":0,"34":0,"35":0,"36":0,"37":0,"38":0,"39":0,"40":0,"41":0,"42":0},"f":{"0":0,"1":0,"2":0,"3":0,"4":0,"5":0,"6":0,"7":0,"8":0,"9":0},"b":{"0":[0,0,0],"1":[0,0]},"hash":"924cdfa16364bc5dea0aac849f4e4aac4c32477d"}
}
